<?xml version="1.0" encoding="UTF-8"?>
<coverage generated="1678628303008" clover="3.2.0">
  <project timestamp="1678628303008" name="All files">
    <metrics statements="17" coveredstatements="17" conditionals="10" coveredconditionals="10" methods="2" coveredmethods="2" elements="29" coveredelements="29" complexity="0" loc="17" ncloc="17" packages="1" files="1" classes="1"/>
    <file name="WeightHelper.js" path="/Users/qasim/NodeJs/weighthelper/WeightHelper.js">
      <metrics statements="17" coveredstatements="17" conditionals="10" coveredconditionals="10" methods="2" coveredmethods="2"/>
      <line num="1" count="1" type="stmt"/>
      <line num="3" count="22" type="cond" truecount="4" falsecount="0"/>
      <line num="4" count="2" type="stmt"/>
      <line num="7" count="20" type="stmt"/>
      <line num="11" count="1" type="stmt"/>
      <line num="13" count="22" type="stmt"/>
      <line num="16" count="22" type="cond" truecount="2" falsecount="0"/>
      <line num="18" count="20" type="cond" truecount="4" falsecount="0"/>
      <line num="20" count="4" type="stmt"/>
      <line num="21" count="4" type="stmt"/>
      <line num="23" count="8" type="stmt"/>
      <line num="24" count="8" type="stmt"/>
      <line num="26" count="5" type="stmt"/>
      <line num="27" count="5" type="stmt"/>
      <line num="29" count="3" type="stmt"/>
      <line num="34" count="20" type="stmt"/>
      <line num="38" count="1" type="stmt"/>
    </file>
  </project>
</coverage>
