{"/Users/qasim/NodeJs/weighthelper/WeightHelper.js": {"path":"/Users/qasim/NodeJs/weighthelper/WeightHelper.js","statementMap":{"0":{"start":{"line":1,"column":14},"end":{"line":9,"column":1}},"1":{"start":{"line":3,"column":4},"end":{"line":5,"column":5}},"2":{"start":{"line":4,"column":8},"end":{"line":4,"column":21}},"3":{"start":{"line":7,"column":4},"end":{"line":7,"column":28}},"4":{"start":{"line":11,"column":19},"end":{"line":36,"column":1}},"5":{"start":{"line":13,"column":14},"end":{"line":13,"column":29}},"6":{"start":{"line":16,"column":4},"end":{"line":16,"column":40}},"7":{"start":{"line":16,"column":16},"end":{"line":16,"column":40}},"8":{"start":{"line":18,"column":4},"end":{"line":30,"column":5}},"9":{"start":{"line":20,"column":12},"end":{"line":20,"column":36}},"10":{"start":{"line":21,"column":12},"end":{"line":21,"column":18}},"11":{"start":{"line":23,"column":12},"end":{"line":23,"column":38}},"12":{"start":{"line":24,"column":12},"end":{"line":24,"column":18}},"13":{"start":{"line":26,"column":12},"end":{"line":26,"column":35}},"14":{"start":{"line":27,"column":12},"end":{"line":27,"column":18}},"15":{"start":{"line":29,"column":12},"end":{"line":29,"column":30}},"16":{"start":{"line":34,"column":4},"end":{"line":34,"column":18}},"17":{"start":{"line":38,"column":0},"end":{"line":38,"column":30}}},"fnMap":{"0":{"name":"(anonymous_0)","decl":{"start":{"line":1,"column":14},"end":{"line":1,"column":15}},"loc":{"start":{"line":1,"column":31},"end":{"line":9,"column":1}},"line":1},"1":{"name":"(anonymous_1)","decl":{"start":{"line":11,"column":19},"end":{"line":11,"column":20}},"loc":{"start":{"line":11,"column":37},"end":{"line":36,"column":1}},"line":11}},"branchMap":{"0":{"loc":{"start":{"line":3,"column":4},"end":{"line":5,"column":5}},"type":"if","locations":[{"start":{"line":3,"column":4},"end":{"line":5,"column":5}},{"start":{},"end":{}}],"line":3},"1":{"loc":{"start":{"line":3,"column":9},"end":{"line":3,"column":27}},"type":"binary-expr","locations":[{"start":{"line":3,"column":9},"end":{"line":3,"column":16}},{"start":{"line":3,"column":20},"end":{"line":3,"column":27}}],"line":3},"2":{"loc":{"start":{"line":16,"column":4},"end":{"line":16,"column":40}},"type":"if","locations":[{"start":{"line":16,"column":4},"end":{"line":16,"column":40}},{"start":{},"end":{}}],"line":16},"3":{"loc":{"start":{"line":18,"column":4},"end":{"line":30,"column":5}},"type":"switch","locations":[{"start":{"line":19,"column":8},"end":{"line":21,"column":18}},{"start":{"line":22,"column":8},"end":{"line":24,"column":18}},{"start":{"line":25,"column":8},"end":{"line":27,"column":18}},{"start":{"line":28,"column":8},"end":{"line":29,"column":30}}],"line":18}},"s":{"0":1,"1":22,"2":2,"3":20,"4":1,"5":22,"6":22,"7":2,"8":20,"9":4,"10":4,"11":8,"12":8,"13":5,"14":5,"15":3,"16":20,"17":1},"f":{"0":22,"1":22},"b":{"0":[2,20],"1":[22,21],"2":[2,20],"3":[4,8,5,3]},"_coverageSchema":"1a1c01bbd47fc00a2c39e90264f33305004495a9","hash":"e054d81807c60b2cf8cd7b54ec836b8a51b85e9f"}
}
